# JRE version: OpenJDK Runtime Environment Temurin-17.0.7+7 (17.0.7+7) (build 17.0.7+7)
# Java VM: OpenJDK 64-Bit Server VM Temurin-17.0.7+7 (17.0.7+7, mixed mode, tiered, compressed oops, compressed class ptrs, parallel gc, windows-amd64)
GC Precious Log:
 CPUs: 2 total, 2 available
 Memory: 3986M
 Large Page Support: Disabled
 NUMA Support: Disabled
 Compressed Oops: Enabled (32-bit)
 Alignments: Space 512K, Generation 512K, Heap 2M
 Heap Min Capacity: 100M
 Heap Initial Capacity: 100M
 Heap Max Capacity: 1G
 Pre-touch: Disabled
 Parallel Workers: 2
Heap:
 PSYoungGen      total 5120K, used 4121K [0x00000000eab00000, 0x00000000eb280000, 0x0000000100000000)
  eden space 4096K, 80% used [0x00000000eab00000,0x00000000eae36590,0x00000000eaf00000)
  from space 1024K, 81% used [0x00000000eaf00000,0x00000000eafd0000,0x00000000eb000000)
  to   space 1536K, 0% used [0x00000000eb100000,0x00000000eb100000,0x00000000eb280000)
 ParOldGen       total 246784K, used 239380K [0x00000000c0000000, 0x00000000cf100000, 0x00000000eab00000)
  object space 246784K, 97% used [0x00000000c0000000,0x00000000ce9c5388,0x00000000cf100000)
 Metaspace       used 89985K, committed 91136K, reserved 1179648K
  class space    used 9034K, committed 9536K, reserved 1048576K
GC Heap History (20 events):
Event: 8506.718 GC heap before
{Heap before GC invocations=5798 (full 77):
 PSYoungGen      total 4608K, used 4352K [0x00000000eab00000, 0x00000000eb380000, 0x0000000100000000)
  eden space 4096K, 100% used [0x00000000eab00000,0x00000000eaf00000,0x00000000eaf00000)
  from space 512K, 50% used [0x00000000eb280000,0x00000000eb2c0000,0x00000000eb300000)
  to   space 512K, 0% used [0x00000000eb300000,0x00000000eb300000,0x00000000eb380000)
 ParOldGen       total 246784K, used 234796K [0x00000000c0000000, 0x00000000cf100000, 0x00000000eab00000)
  object space 246784K, 95% used [0x00000000c0000000,0x00000000ce54b158,0x00000000cf100000)
 Metaspace       used 89980K, committed 91136K, reserved 1179648K
  class space    used 9034K, committed 9536K, reserved 1048576K
}
Event: 8506.721 GC heap after
{Heap after GC invocations=5798 (full 77):
 PSYoungGen      total 4608K, used 362K [0x00000000eab00000, 0x00000000eb380000, 0x0000000100000000)
  eden space 4096K, 0% used [0x00000000eab00000,0x00000000eab00000,0x00000000eaf00000)
  from space 512K, 70% used [0x00000000eb300000,0x00000000eb35ab88,0x00000000eb380000)
  to   space 512K, 0% used [0x00000000eb280000,0x00000000eb280000,0x00000000eb300000)
 ParOldGen       total 246784K, used 234834K [0x00000000c0000000, 0x00000000cf100000, 0x00000000eab00000)
  object space 246784K, 95% used [0x00000000c0000000,0x00000000ce554978,0x00000000cf100000)
 Metaspace       used 89980K, committed 91136K, reserved 1179648K
  class space    used 9034K, committed 9536K, reserved 1048576K
}
Event: 8545.381 GC heap before
{Heap before GC invocations=5799 (full 77):
 PSYoungGen      total 4608K, used 4458K [0x00000000eab00000, 0x00000000eb380000, 0x0000000100000000)
  eden space 4096K, 100% used [0x00000000eab00000,0x00000000eaf00000,0x00000000eaf00000)
  from space 512K, 70% used [0x00000000eb300000,0x00000000eb35ab88,0x00000000eb380000)
  to   space 512K, 0% used [0x00000000eb280000,0x00000000eb280000,0x00000000eb300000)
 ParOldGen       total 246784K, used 234834K [0x00000000c0000000, 0x00000000cf100000, 0x00000000eab00000)
  object space 246784K, 95% used [0x00000000c0000000,0x00000000ce554978,0x00000000cf100000)
 Metaspace       used 89980K, committed 91136K, reserved 1179648K
  class space    used 9034K, committed 9536K, reserved 1048576K
}
Event: 8545.387 GC heap after
{Heap after GC invocations=5799 (full 77):
 PSYoungGen      total 4608K, used 64K [0x00000000eab00000, 0x00000000eb380000, 0x0000000100000000)
  eden space 4096K, 0% used [0x00000000eab00000,0x00000000eab00000,0x00000000eaf00000)
  from space 512K, 12% used [0x00000000eb280000,0x00000000eb290000,0x00000000eb300000)
  to   space 512K, 0% used [0x00000000eb300000,0x00000000eb300000,0x00000000eb380000)
 ParOldGen       total 246784K, used 235029K [0x00000000c0000000, 0x00000000cf100000, 0x00000000eab00000)
  object space 246784K, 95% used [0x00000000c0000000,0x00000000ce585500,0x00000000cf100000)
 Metaspace       used 89980K, committed 91136K, reserved 1179648K
  class space    used 9034K, committed 9536K, reserved 1048576K
}
Event: 8557.118 GC heap before
{Heap before GC invocations=5800 (full 77):
 PSYoungGen      total 4608K, used 4160K [0x00000000eab00000, 0x00000000eb380000, 0x0000000100000000)
  eden space 4096K, 100% used [0x00000000eab00000,0x00000000eaf00000,0x00000000eaf00000)
  from space 512K, 12% used [0x00000000eb280000,0x00000000eb290000,0x00000000eb300000)
  to   space 512K, 0% used [0x00000000eb300000,0x00000000eb300000,0x00000000eb380000)
 ParOldGen       total 246784K, used 235029K [0x00000000c0000000, 0x00000000cf100000, 0x00000000eab00000)
  object space 246784K, 95% used [0x00000000c0000000,0x00000000ce585500,0x00000000cf100000)
 Metaspace       used 89981K, committed 91136K, reserved 1179648K
  class space    used 9034K, committed 9536K, reserved 1048576K
}
Event: 8557.127 GC heap after
{Heap after GC invocations=5800 (full 77):
 PSYoungGen      total 4608K, used 510K [0x00000000eab00000, 0x00000000eb400000, 0x0000000100000000)
  eden space 4096K, 0% used [0x00000000eab00000,0x00000000eab00000,0x00000000eaf00000)
  from space 512K, 99% used [0x00000000eb300000,0x00000000eb37fbe0,0x00000000eb380000)
  to   space 2560K, 0% used [0x00000000eaf00000,0x00000000eaf00000,0x00000000eb180000)
 ParOldGen       total 246784K, used 236333K [0x00000000c0000000, 0x00000000cf100000, 0x00000000eab00000)
  object space 246784K, 95% used [0x00000000c0000000,0x00000000ce6cb500,0x00000000cf100000)
 Metaspace       used 89981K, committed 91136K, reserved 1179648K
  class space    used 9034K, committed 9536K, reserved 1048576K
}
Event: 8557.196 GC heap before
{Heap before GC invocations=5801 (full 77):
 PSYoungGen      total 4608K, used 4606K [0x00000000eab00000, 0x00000000eb400000, 0x0000000100000000)
  eden space 4096K, 99% used [0x00000000eab00000,0x00000000eaeffff8,0x00000000eaf00000)
  from space 512K, 99% used [0x00000000eb300000,0x00000000eb37fbe0,0x00000000eb380000)
  to   space 2560K, 0% used [0x00000000eaf00000,0x00000000eaf00000,0x00000000eb180000)
 ParOldGen       total 246784K, used 236333K [0x00000000c0000000, 0x00000000cf100000, 0x00000000eab00000)
  object space 246784K, 95% used [0x00000000c0000000,0x00000000ce6cb500,0x00000000cf100000)
 Metaspace       used 89981K, committed 91136K, reserved 1179648K
  class space    used 9034K, committed 9536K, reserved 1048576K
}
Event: 8557.201 GC heap after
{Heap after GC invocations=5801 (full 77):
 PSYoungGen      total 6656K, used 576K [0x00000000eab00000, 0x00000000eb380000, 0x0000000100000000)
  eden space 4096K, 0% used [0x00000000eab00000,0x00000000eab00000,0x00000000eaf00000)
  from space 2560K, 22% used [0x00000000eaf00000,0x00000000eaf90000,0x00000000eb180000)
  to   space 1024K, 0% used [0x00000000eb280000,0x00000000eb280000,0x00000000eb380000)
 ParOldGen       total 246784K, used 236396K [0x00000000c0000000, 0x00000000cf100000, 0x00000000eab00000)
  object space 246784K, 95% used [0x00000000c0000000,0x00000000ce6db010,0x00000000cf100000)
 Metaspace       used 89981K, committed 91136K, reserved 1179648K
  class space    used 9034K, committed 9536K, reserved 1048576K
}
Event: 8572.383 GC heap before
{Heap before GC invocations=5802 (full 77):
 PSYoungGen      total 6656K, used 4672K [0x00000000eab00000, 0x00000000eb380000, 0x0000000100000000)
  eden space 4096K, 100% used [0x00000000eab00000,0x00000000eaf00000,0x00000000eaf00000)
  from space 2560K, 22% used [0x00000000eaf00000,0x00000000eaf90000,0x00000000eb180000)
  to   space 1024K, 0% used [0x00000000eb280000,0x00000000eb280000,0x00000000eb380000)
 ParOldGen       total 246784K, used 236396K [0x00000000c0000000, 0x00000000cf100000, 0x00000000eab00000)
  object space 246784K, 95% used [0x00000000c0000000,0x00000000ce6db010,0x00000000cf100000)
 Metaspace       used 89981K, committed 91136K, reserved 1179648K
  class space    used 9034K, committed 9536K, reserved 1048576K
}
Event: 8572.389 GC heap after
{Heap after GC invocations=5802 (full 77):
 PSYoungGen      total 4608K, used 160K [0x00000000eab00000, 0x00000000eb300000, 0x0000000100000000)
  eden space 4096K, 0% used [0x00000000eab00000,0x00000000eab00000,0x00000000eaf00000)
  from space 512K, 31% used [0x00000000eb280000,0x00000000eb2a8000,0x00000000eb300000)
  to   space 512K, 0% used [0x00000000eb200000,0x00000000eb200000,0x00000000eb280000)
 ParOldGen       total 246784K, used 236916K [0x00000000c0000000, 0x00000000cf100000, 0x00000000eab00000)
  object space 246784K, 96% used [0x00000000c0000000,0x00000000ce75d3a8,0x00000000cf100000)
 Metaspace       used 89981K, committed 91136K, reserved 1179648K
  class space    used 9034K, committed 9536K, reserved 1048576K
}
Event: 8572.579 GC heap before
{Heap before GC invocations=5803 (full 77):
 PSYoungGen      total 4608K, used 4256K [0x00000000eab00000, 0x00000000eb300000, 0x0000000100000000)
  eden space 4096K, 100% used [0x00000000eab00000,0x00000000eaf00000,0x00000000eaf00000)
  from space 512K, 31% used [0x00000000eb280000,0x00000000eb2a8000,0x00000000eb300000)
  to   space 512K, 0% used [0x00000000eb200000,0x00000000eb200000,0x00000000eb280000)
 ParOldGen       total 246784K, used 236916K [0x00000000c0000000, 0x00000000cf100000, 0x00000000eab00000)
  object space 246784K, 96% used [0x00000000c0000000,0x00000000ce75d3a8,0x00000000cf100000)
 Metaspace       used 89983K, committed 91136K, reserved 1179648K
  class space    used 9034K, committed 9536K, reserved 1048576K
}
Event: 8572.584 GC heap after
{Heap after GC invocations=5803 (full 77):
 PSYoungGen      total 4608K, used 496K [0x00000000eab00000, 0x00000000eb300000, 0x0000000100000000)
  eden space 4096K, 0% used [0x00000000eab00000,0x00000000eab00000,0x00000000eaf00000)
  from space 512K, 96% used [0x00000000eb200000,0x00000000eb27c010,0x00000000eb280000)
  to   space 512K, 0% used [0x00000000eb280000,0x00000000eb280000,0x00000000eb300000)
 ParOldGen       total 246784K, used 237184K [0x00000000c0000000, 0x00000000cf100000, 0x00000000eab00000)
  object space 246784K, 96% used [0x00000000c0000000,0x00000000ce7a01c8,0x00000000cf100000)
 Metaspace       used 89983K, committed 91136K, reserved 1179648K
  class space    used 9034K, committed 9536K, reserved 1048576K
}
Event: 8572.737 GC heap before
{Heap before GC invocations=5804 (full 77):
 PSYoungGen      total 4608K, used 4591K [0x00000000eab00000, 0x00000000eb300000, 0x0000000100000000)
  eden space 4096K, 99% used [0x00000000eab00000,0x00000000eaefffe8,0x00000000eaf00000)
  from space 512K, 96% used [0x00000000eb200000,0x00000000eb27c010,0x00000000eb280000)
  to   space 512K, 0% used [0x00000000eb280000,0x00000000eb280000,0x00000000eb300000)
 ParOldGen       total 246784K, used 237184K [0x00000000c0000000, 0x00000000cf100000, 0x00000000eab00000)
  object space 246784K, 96% used [0x00000000c0000000,0x00000000ce7a01c8,0x00000000cf100000)
 Metaspace       used 89983K, committed 91136K, reserved 1179648K
  class space    used 9034K, committed 9536K, reserved 1048576K
}
Event: 8572.745 GC heap after
{Heap after GC invocations=5804 (full 77):
 PSYoungGen      total 4608K, used 496K [0x00000000eab00000, 0x00000000eb300000, 0x0000000100000000)
  eden space 4096K, 0% used [0x00000000eab00000,0x00000000eab00000,0x00000000eaf00000)
  from space 512K, 96% used [0x00000000eb280000,0x00000000eb2fc010,0x00000000eb300000)
  to   space 1024K, 0% used [0x00000000eb100000,0x00000000eb100000,0x00000000eb200000)
 ParOldGen       total 246784K, used 237693K [0x00000000c0000000, 0x00000000cf100000, 0x00000000eab00000)
  object space 246784K, 96% used [0x00000000c0000000,0x00000000ce81f570,0x00000000cf100000)
 Metaspace       used 89983K, committed 91136K, reserved 1179648K
  class space    used 9034K, committed 9536K, reserved 1048576K
}
Event: 8576.901 GC heap before
{Heap before GC invocations=5805 (full 77):
 PSYoungGen      total 4608K, used 4592K [0x00000000eab00000, 0x00000000eb300000, 0x0000000100000000)
  eden space 4096K, 100% used [0x00000000eab00000,0x00000000eaf00000,0x00000000eaf00000)
  from space 512K, 96% used [0x00000000eb280000,0x00000000eb2fc010,0x00000000eb300000)
  to   space 1024K, 0% used [0x00000000eb100000,0x00000000eb100000,0x00000000eb200000)
 ParOldGen       total 246784K, used 237693K [0x00000000c0000000, 0x00000000cf100000, 0x00000000eab00000)
  object space 246784K, 96% used [0x00000000c0000000,0x00000000ce81f570,0x00000000cf100000)
 Metaspace       used 89983K, committed 91136K, reserved 1179648K
  class space    used 9034K, committed 9536K, reserved 1048576K
}
Event: 8576.908 GC heap after
{Heap after GC invocations=5805 (full 77):
 PSYoungGen      total 5120K, used 816K [0x00000000eab00000, 0x00000000eb300000, 0x0000000100000000)
  eden space 4096K, 0% used [0x00000000eab00000,0x00000000eab00000,0x00000000eaf00000)
  from space 1024K, 79% used [0x00000000eb100000,0x00000000eb1cc010,0x00000000eb200000)
  to   space 1024K, 0% used [0x00000000eb200000,0x00000000eb200000,0x00000000eb300000)
 ParOldGen       total 246784K, used 237693K [0x00000000c0000000, 0x00000000cf100000, 0x00000000eab00000)
  object space 246784K, 96% used [0x00000000c0000000,0x00000000ce81f570,0x00000000cf100000)
 Metaspace       used 89983K, committed 91136K, reserved 1179648K
  class space    used 9034K, committed 9536K, reserved 1048576K
}
Event: 8577.121 GC heap before
{Heap before GC invocations=5806 (full 77):
 PSYoungGen      total 5120K, used 4912K [0x00000000eab00000, 0x00000000eb300000, 0x0000000100000000)
  eden space 4096K, 100% used [0x00000000eab00000,0x00000000eaf00000,0x00000000eaf00000)
  from space 1024K, 79% used [0x00000000eb100000,0x00000000eb1cc010,0x00000000eb200000)
  to   space 1024K, 0% used [0x00000000eb200000,0x00000000eb200000,0x00000000eb300000)
 ParOldGen       total 246784K, used 237693K [0x00000000c0000000, 0x00000000cf100000, 0x00000000eab00000)
  object space 246784K, 96% used [0x00000000c0000000,0x00000000ce81f570,0x00000000cf100000)
 Metaspace       used 89983K, committed 91136K, reserved 1179648K
  class space    used 9034K, committed 9536K, reserved 1048576K
}
Event: 8577.131 GC heap after
{Heap after GC invocations=5806 (full 77):
 PSYoungGen      total 5120K, used 1008K [0x00000000eab00000, 0x00000000eb400000, 0x0000000100000000)
  eden space 4096K, 0% used [0x00000000eab00000,0x00000000eab00000,0x00000000eaf00000)
  from space 1024K, 98% used [0x00000000eb200000,0x00000000eb2fc010,0x00000000eb300000)
  to   space 2560K, 0% used [0x00000000eaf00000,0x00000000eaf00000,0x00000000eb180000)
 ParOldGen       total 246784K, used 238710K [0x00000000c0000000, 0x00000000cf100000, 0x00000000eab00000)
  object space 246784K, 96% used [0x00000000c0000000,0x00000000ce91da40,0x00000000cf100000)
 Metaspace       used 89983K, committed 91136K, reserved 1179648K
  class space    used 9034K, committed 9536K, reserved 1048576K
}
Event: 8577.260 GC heap before
{Heap before GC invocations=5807 (full 77):
 PSYoungGen      total 5120K, used 5103K [0x00000000eab00000, 0x00000000eb400000, 0x0000000100000000)
  eden space 4096K, 99% used [0x00000000eab00000,0x00000000eaefffc8,0x00000000eaf00000)
  from space 1024K, 98% used [0x00000000eb200000,0x00000000eb2fc010,0x00000000eb300000)
  to   space 2560K, 0% used [0x00000000eaf00000,0x00000000eaf00000,0x00000000eb180000)
 ParOldGen       total 246784K, used 238710K [0x00000000c0000000, 0x00000000cf100000, 0x00000000eab00000)
  object space 246784K, 96% used [0x00000000c0000000,0x00000000ce91da40,0x00000000cf100000)
 Metaspace       used 89983K, committed 91136K, reserved 1179648K
  class space    used 9034K, committed 9536K, reserved 1048576K
}
Event: 8577.267 GC heap after
{Heap after GC invocations=5807 (full 77):
 PSYoungGen      total 5120K, used 832K [0x00000000eab00000, 0x00000000eb280000, 0x0000000100000000)
  eden space 4096K, 0% used [0x00000000eab00000,0x00000000eab00000,0x00000000eaf00000)
  from space 1024K, 81% used [0x00000000eaf00000,0x00000000eafd0000,0x00000000eb000000)
  to   space 1536K, 0% used [0x00000000eb100000,0x00000000eb100000,0x00000000eb280000)
 ParOldGen       total 246784K, used 239380K [0x00000000c0000000, 0x00000000cf100000, 0x00000000eab00000)
  object space 246784K, 97% used [0x00000000c0000000,0x00000000ce9c5388,0x00000000cf100000)
 Metaspace       used 89983K, committed 91136K, reserved 1179648K
  class space    used 9034K, committed 9536K, reserved 1048576K
}

